  HistogramForm.cpp
  MainForm.cpp
  ToolForm.cpp
C:\Users\ThangNH\Desktop\xla\MiniPhotoshop\MiniPhotoshop\ToolForm.cpp(24): warning C4244: 'argument': conversion from 'float' to '_Tp', possible loss of data
          with
          [
              _Tp=int
          ]
C:\Users\ThangNH\Desktop\xla\MiniPhotoshop\MiniPhotoshop\ToolForm.cpp(39): warning C4244: 'argument': conversion from 'float' to '_Tp', possible loss of data
          with
          [
              _Tp=int
          ]
C:\Users\ThangNH\Desktop\xla\MiniPhotoshop\MiniPhotoshop\ToolForm.cpp(103): warning C4244: 'argument': conversion from 'int' to 'float', possible loss of data
  Generating Code...
F:\Program\opencv\build\include\opencv2\core\cuda.inl.hpp(105): warning C4793: 'cv::cuda::GpuMat::GpuMat': function compiled as native:
  	Found an intrinsic not supported in managed code
F:\Program\opencv\build\include\opencv2\core\cuda.inl.hpp(395): warning C4793: 'cv::cuda::HostMem::HostMem': function compiled as native:
  	Found an intrinsic not supported in managed code
F:\Program\opencv\build\include\opencv2\core\mat.inl.hpp(530): warning C4793: 'cv::Mat::Mat': function compiled as native:
  	Found an intrinsic not supported in managed code
F:\Program\opencv\build\include\opencv2\core\mat.inl.hpp(850): warning C4793: 'cv::Mat::release': function compiled as native:
  	Found an intrinsic not supported in managed code
F:\Program\opencv\build\include\opencv2\core\mat.inl.hpp(2171): warning C4793: 'cv::SparseMat::addref': function compiled as native:
  	Found an intrinsic not supported in managed code
F:\Program\opencv\build\include\opencv2\core\mat.inl.hpp(3771): warning C4793: 'cv::UMat::addref': function compiled as native:
  	Found an intrinsic not supported in managed code
F:\Program\opencv\build\include\opencv2\core\cuda.inl.hpp(105): warning C4793: 'cv::cuda::GpuMat::GpuMat': function compiled as native:
  	Found an intrinsic not supported in managed code
F:\Program\opencv\build\include\opencv2\core\cuda.inl.hpp(395): warning C4793: 'cv::cuda::HostMem::HostMem': function compiled as native:
  	Found an intrinsic not supported in managed code
F:\Program\opencv\build\include\opencv2\core\mat.inl.hpp(530): warning C4793: 'cv::Mat::Mat': function compiled as native:
  	Found an intrinsic not supported in managed code
F:\Program\opencv\build\include\opencv2\core\mat.inl.hpp(850): warning C4793: 'cv::Mat::release': function compiled as native:
  	Found an intrinsic not supported in managed code
F:\Program\opencv\build\include\opencv2\core\mat.inl.hpp(2171): warning C4793: 'cv::SparseMat::addref': function compiled as native:
  	Found an intrinsic not supported in managed code
F:\Program\opencv\build\include\opencv2\core\mat.inl.hpp(3771): warning C4793: 'cv::UMat::addref': function compiled as native:
  	Found an intrinsic not supported in managed code
F:\Program\opencv\build\include\opencv2\core\cuda.inl.hpp(105): warning C4793: 'cv::cuda::GpuMat::GpuMat': function compiled as native:
  	Found an intrinsic not supported in managed code
F:\Program\opencv\build\include\opencv2\core\cuda.inl.hpp(395): warning C4793: 'cv::cuda::HostMem::HostMem': function compiled as native:
  	Found an intrinsic not supported in managed code
F:\Program\opencv\build\include\opencv2\core\mat.inl.hpp(530): warning C4793: 'cv::Mat::Mat': function compiled as native:
  	Found an intrinsic not supported in managed code
F:\Program\opencv\build\include\opencv2\core\mat.inl.hpp(850): warning C4793: 'cv::Mat::release': function compiled as native:
  	Found an intrinsic not supported in managed code
F:\Program\opencv\build\include\opencv2\core\mat.inl.hpp(2171): warning C4793: 'cv::SparseMat::addref': function compiled as native:
  	Found an intrinsic not supported in managed code
F:\Program\opencv\build\include\opencv2\core\mat.inl.hpp(3771): warning C4793: 'cv::UMat::addref': function compiled as native:
  	Found an intrinsic not supported in managed code
F:\Program\opencv\build\include\opencv2\core\fast_math.hpp(101): warning C4793: '`anonymous namespace'::cvRound': function compiled as native:
  	Found an intrinsic not supported in managed code
F:\Program\opencv\build\include\opencv2\core\fast_math.hpp(102): warning C4793: '`anonymous namespace'::cvRound': function compiled as native:
  	Found an intrinsic not supported in managed code
  HandleImage.obj : MSIL module encountered; incremental linking is disabled for MSIL; performing full link
  MiniPhotoshop.vcxproj -> C:\Users\ThangNH\Desktop\xla\MiniPhotoshop\x64\Debug\MiniPhotoshop.exe
